<!DOCTYPE html>
<html>
  <head>
    <meta charset="utf-8"/>
    <title>test_results.html</title>
    <link href="assets/style.css" rel="stylesheet" type="text/css"/></head>
  <body onLoad="init()">
    <script>/* This Source Code Form is subject to the terms of the Mozilla Public
 * License, v. 2.0. If a copy of the MPL was not distributed with this file,
 * You can obtain one at http://mozilla.org/MPL/2.0/. */


function toArray(iter) {
    if (iter === null) {
        return null;
    }
    return Array.prototype.slice.call(iter);
}

function find(selector, elem) { // eslint-disable-line no-redeclare
    if (!elem) {
        elem = document;
    }
    return elem.querySelector(selector);
}

function findAll(selector, elem) {
    if (!elem) {
        elem = document;
    }
    return toArray(elem.querySelectorAll(selector));
}

function sortColumn(elem) {
    toggleSortStates(elem);
    const colIndex = toArray(elem.parentNode.childNodes).indexOf(elem);
    let key;
    if (elem.classList.contains('result')) {
        key = keyResult;
    } else if (elem.classList.contains('links')) {
        key = keyLink;
    } else {
        key = keyAlpha;
    }
    sortTable(elem, key(colIndex));
}

function showAllExtras() { // eslint-disable-line no-unused-vars
    findAll('.col-result').forEach(showExtras);
}

function hideAllExtras() { // eslint-disable-line no-unused-vars
    findAll('.col-result').forEach(hideExtras);
}

function showExtras(colresultElem) {
    const extras = colresultElem.parentNode.nextElementSibling;
    const expandcollapse = colresultElem.firstElementChild;
    extras.classList.remove('collapsed');
    expandcollapse.classList.remove('expander');
    expandcollapse.classList.add('collapser');
}

function hideExtras(colresultElem) {
    const extras = colresultElem.parentNode.nextElementSibling;
    const expandcollapse = colresultElem.firstElementChild;
    extras.classList.add('collapsed');
    expandcollapse.classList.remove('collapser');
    expandcollapse.classList.add('expander');
}

function showFilters() {
    let visibleString = getQueryParameter('visible') || 'all';
    visibleString = visibleString.toLowerCase();
    const checkedItems = visibleString.split(',');

    const filterItems = document.getElementsByClassName('filter');
    for (let i = 0; i < filterItems.length; i++) {
        filterItems[i].hidden = false;

        if (visibleString != 'all') {
            filterItems[i].checked = checkedItems.includes(filterItems[i].getAttribute('data-test-result'));
            filterTable(filterItems[i]);
        }
    }
}

function addCollapse() {
    // Add links for show/hide all
    const resulttable = find('table#results-table');
    const showhideall = document.createElement('p');
    showhideall.innerHTML = '<a href="javascript:showAllExtras()">Show all details</a> / ' +
                            '<a href="javascript:hideAllExtras()">Hide all details</a>';
    resulttable.parentElement.insertBefore(showhideall, resulttable);

    // Add show/hide link to each result
    findAll('.col-result').forEach(function(elem) {
        const collapsed = getQueryParameter('collapsed') || 'Passed';
        const extras = elem.parentNode.nextElementSibling;
        const expandcollapse = document.createElement('span');
        if (extras.classList.contains('collapsed')) {
            expandcollapse.classList.add('expander');
        } else if (collapsed.includes(elem.innerHTML)) {
            extras.classList.add('collapsed');
            expandcollapse.classList.add('expander');
        } else {
            expandcollapse.classList.add('collapser');
        }
        elem.appendChild(expandcollapse);

        elem.addEventListener('click', function(event) {
            if (event.currentTarget.parentNode.nextElementSibling.classList.contains('collapsed')) {
                showExtras(event.currentTarget);
            } else {
                hideExtras(event.currentTarget);
            }
        });
    });
}

function getQueryParameter(name) {
    const match = RegExp('[?&]' + name + '=([^&]*)').exec(window.location.search);
    return match && decodeURIComponent(match[1].replace(/\+/g, ' '));
}

function init () { // eslint-disable-line no-unused-vars
    resetSortHeaders();

    addCollapse();

    showFilters();

    sortColumn(find('.initial-sort'));

    findAll('.sortable').forEach(function(elem) {
        elem.addEventListener('click',
            function() {
                sortColumn(elem);
            }, false);
    });
}

function sortTable(clicked, keyFunc) {
    const rows = findAll('.results-table-row');
    const reversed = !clicked.classList.contains('asc');
    const sortedRows = sort(rows, keyFunc, reversed);
    /* Whole table is removed here because browsers acts much slower
     * when appending existing elements.
     */
    const thead = document.getElementById('results-table-head');
    document.getElementById('results-table').remove();
    const parent = document.createElement('table');
    parent.id = 'results-table';
    parent.appendChild(thead);
    sortedRows.forEach(function(elem) {
        parent.appendChild(elem);
    });
    document.getElementsByTagName('BODY')[0].appendChild(parent);
}

function sort(items, keyFunc, reversed) {
    const sortArray = items.map(function(item, i) {
        return [keyFunc(item), i];
    });

    sortArray.sort(function(a, b) {
        const keyA = a[0];
        const keyB = b[0];

        if (keyA == keyB) return 0;

        if (reversed) {
            return keyA < keyB ? 1 : -1;
        } else {
            return keyA > keyB ? 1 : -1;
        }
    });

    return sortArray.map(function(item) {
        const index = item[1];
        return items[index];
    });
}

function keyAlpha(colIndex) {
    return function(elem) {
        return elem.childNodes[1].childNodes[colIndex].firstChild.data.toLowerCase();
    };
}

function keyLink(colIndex) {
    return function(elem) {
        const dataCell = elem.childNodes[1].childNodes[colIndex].firstChild;
        return dataCell == null ? '' : dataCell.innerText.toLowerCase();
    };
}

function keyResult(colIndex) {
    return function(elem) {
        const strings = ['Error', 'Failed', 'Rerun', 'XFailed', 'XPassed',
            'Skipped', 'Passed'];
        return strings.indexOf(elem.childNodes[1].childNodes[colIndex].firstChild.data);
    };
}

function resetSortHeaders() {
    findAll('.sort-icon').forEach(function(elem) {
        elem.parentNode.removeChild(elem);
    });
    findAll('.sortable').forEach(function(elem) {
        const icon = document.createElement('div');
        icon.className = 'sort-icon';
        icon.textContent = 'vvv';
        elem.insertBefore(icon, elem.firstChild);
        elem.classList.remove('desc', 'active');
        elem.classList.add('asc', 'inactive');
    });
}

function toggleSortStates(elem) {
    //if active, toggle between asc and desc
    if (elem.classList.contains('active')) {
        elem.classList.toggle('asc');
        elem.classList.toggle('desc');
    }

    //if inactive, reset all other functions and add ascending active
    if (elem.classList.contains('inactive')) {
        resetSortHeaders();
        elem.classList.remove('inactive');
        elem.classList.add('active');
    }
}

function isAllRowsHidden(value) {
    return value.hidden == false;
}

function filterTable(elem) { // eslint-disable-line no-unused-vars
    const outcomeAtt = 'data-test-result';
    const outcome = elem.getAttribute(outcomeAtt);
    const classOutcome = outcome + ' results-table-row';
    const outcomeRows = document.getElementsByClassName(classOutcome);

    for(let i = 0; i < outcomeRows.length; i++){
        outcomeRows[i].hidden = !elem.checked;
    }

    const rows = findAll('.results-table-row').filter(isAllRowsHidden);
    const allRowsHidden = rows.length == 0 ? true : false;
    const notFoundMessage = document.getElementById('not-found-message');
    notFoundMessage.hidden = !allRowsHidden;
}
</script>
    <h1>test_results.html</h1>
    <p>Report generated on 03-Jan-2025 at 19:30:27 by <a href="https://pypi.python.org/pypi/pytest-html">pytest-html</a> v3.2.0</p>
    <h2>Environment</h2>
    <table id="environment">
      <tr>
        <td>Packages</td>
        <td>{"pluggy": "1.0.0", "py": "1.11.0", "pytest": "7.0.1"}</td></tr>
      <tr>
        <td>Platform</td>
        <td>Windows-10-10.0.19041-SP0</td></tr>
      <tr>
        <td>Plugins</td>
        <td>{"html": "3.2.0", "metadata": "1.11.0", "xdist": "3.0.2"}</td></tr>
      <tr>
        <td>Python</td>
        <td>3.6.2</td></tr></table>
    <h2>Summary</h2>
    <p>9 tests ran in 520.34 seconds. </p>
    <p class="filter" hidden="true">(Un)check the boxes to filter the results.</p><input checked="true" class="filter" data-test-result="passed" hidden="true" name="filter_checkbox" onChange="filterTable(this)" type="checkbox"/><span class="passed">7 passed</span>, <input checked="true" class="filter" data-test-result="skipped" disabled="true" hidden="true" name="filter_checkbox" onChange="filterTable(this)" type="checkbox"/><span class="skipped">0 skipped</span>, <input checked="true" class="filter" data-test-result="failed" hidden="true" name="filter_checkbox" onChange="filterTable(this)" type="checkbox"/><span class="failed">2 failed</span>, <input checked="true" class="filter" data-test-result="error" disabled="true" hidden="true" name="filter_checkbox" onChange="filterTable(this)" type="checkbox"/><span class="error">0 errors</span>, <input checked="true" class="filter" data-test-result="xfailed" disabled="true" hidden="true" name="filter_checkbox" onChange="filterTable(this)" type="checkbox"/><span class="xfailed">0 expected failures</span>, <input checked="true" class="filter" data-test-result="xpassed" disabled="true" hidden="true" name="filter_checkbox" onChange="filterTable(this)" type="checkbox"/><span class="xpassed">0 unexpected passes</span>
    <h2>Results</h2>
    <table id="results-table">
      <thead id="results-table-head">
        <tr>
          <th class="sortable result initial-sort" col="result">Result</th>
          <th class="sortable" col="name">Test</th>
          <th class="sortable" col="duration">Duration</th>
          <th class="sortable links" col="links">Links</th></tr>
        <tr hidden="true" id="not-found-message">
          <th colspan="4">No results found. Try to check the filters</th></tr></thead>
      <tbody class="failed results-table-row">
        <tr>
          <td class="col-result">Failed</td>
          <td class="col-name">test_cases/test_shopping.py::test_shopping[TC_3-problem_user-secret_sauce-Pass-Sauce Labs Fleece Jacket, Sauce Labs Bolt T-Shirt-Sauce Labs Fleece Jacket-John-Brown-62236-Pass]</td>
          <td class="col-duration">66.25</td>
          <td class="col-links"></td></tr>
        <tr>
          <td class="extra" colspan="4">
            <div class="log">setup_browser = &lt;selenium.webdriver.chrome.webdriver.WebDriver (session=&quot;3485723b24d5cd24fffbc23705369281&quot;)&gt;, log = &lt;Logger Login Test (DEBUG)&gt;, tc_id = &#x27;TC_3&#x27;<br/>name = &#x27;problem_user&#x27;, password = &#x27;secret_sauce&#x27;, expected = &#x27;Pass&#x27;, addItems = &#x27;Sauce Labs Fleece Jacket, Sauce Labs Bolt T-Shirt&#x27;, removeItems = &#x27;Sauce Labs Fleece Jacket&#x27;<br/>firstName = &#x27;John&#x27;, lastName = &#x27;Brown&#x27;, PostalCode = 62236, ExpectedAction = &#x27;Pass&#x27;<br/><br/>    @pytest.mark.parametrize(&quot;tc_id, name, password, expected, addItems, removeItems, firstName, lastName, PostalCode, ExpectedAction&quot;, getTestData())<br/>    def test_shopping(setup_browser, log, tc_id, name, password, expected, addItems, removeItems, firstName, lastName, PostalCode, ExpectedAction):<br/>        log.info(&quot;Executing &quot;+ tc_id + &quot; with &quot; + xstr(name) + &quot; as username and &quot; + xstr(password) + &quot; as password...&quot; )<br/>        driver = setup_browser<br/>        log.info(&quot;Starting browser session...&quot;)<br/>        shopping = CheckoutPage(driver)<br/>        log.info(&quot;Entering login credentials...&quot;)<br/>        shopping.login(xstr(name), xstr(password))<br/>        sleep(sleepTime)<br/>        log.info(&quot;Validating login...&quot;)<br/>        result = shopping.validatelogin()<br/>        if result == &quot;Pass&quot;:<br/>            log.info(&quot;Logged in successfully&quot;)<br/>        else:<br/>            log.error(shopping.getErrorText())<br/>        log.info(&quot;Login Check performed successfully...&quot;)<br/>        try:<br/>            assert expected == result<br/>            if result == &quot;Pass&quot;:<br/>                log.info(&quot;Adding required items to cart..&quot;)<br/>                itemsToAdd = xstr(addItems).split(&quot;, &quot;)<br/>                itemsToRemove = xstr(removeItems).split(&quot;, &quot;)<br/>                totalItems = len(itemsToAdd) - len(itemsToRemove)<br/>                for item in itemsToAdd:<br/>                    sleep(sleepTime)<br/>                    log.info(&quot;Adding &quot;+ item +&quot; to cart..&quot;)<br/>                    shopping.addItem(item)<br/>                log.info(&quot;Proceeding to cart..&quot;)<br/>                shopping.proceedToCart()<br/>                for item in itemsToRemove:<br/>                    sleep(sleepTime)<br/>                    log.info(&quot;Removing &quot;+ item +&quot; from cart..&quot;)<br/>                    shopping.removeItem(item)<br/>                log.info(&quot;Checking if all the required items are added and removed as expected...&quot;)<br/>                if not shopping.validateCartItems(totalItems):<br/>                    log.error(&quot;Items in the cart doesn&#x27;t match the expected items&quot;)<br/>&gt;                   raise AssertionError(&quot;The shopping items do not match the expected list...&quot;)<br/><span class="error">E                   AssertionError: The shopping items do not match the expected list...</span><br/><br/>test_cases\test_shopping.py:53: AssertionError<br/><br/>During handling of the above exception, another exception occurred:<br/><br/>setup_browser = &lt;selenium.webdriver.chrome.webdriver.WebDriver (session=&quot;3485723b24d5cd24fffbc23705369281&quot;)&gt;, log = &lt;Logger Login Test (DEBUG)&gt;, tc_id = &#x27;TC_3&#x27;<br/>name = &#x27;problem_user&#x27;, password = &#x27;secret_sauce&#x27;, expected = &#x27;Pass&#x27;, addItems = &#x27;Sauce Labs Fleece Jacket, Sauce Labs Bolt T-Shirt&#x27;, removeItems = &#x27;Sauce Labs Fleece Jacket&#x27;<br/>firstName = &#x27;John&#x27;, lastName = &#x27;Brown&#x27;, PostalCode = 62236, ExpectedAction = &#x27;Pass&#x27;<br/><br/>    @pytest.mark.parametrize(&quot;tc_id, name, password, expected, addItems, removeItems, firstName, lastName, PostalCode, ExpectedAction&quot;, getTestData())<br/>    def test_shopping(setup_browser, log, tc_id, name, password, expected, addItems, removeItems, firstName, lastName, PostalCode, ExpectedAction):<br/>        log.info(&quot;Executing &quot;+ tc_id + &quot; with &quot; + xstr(name) + &quot; as username and &quot; + xstr(password) + &quot; as password...&quot; )<br/>        driver = setup_browser<br/>        log.info(&quot;Starting browser session...&quot;)<br/>        shopping = CheckoutPage(driver)<br/>        log.info(&quot;Entering login credentials...&quot;)<br/>        shopping.login(xstr(name), xstr(password))<br/>        sleep(sleepTime)<br/>        log.info(&quot;Validating login...&quot;)<br/>        result = shopping.validatelogin()<br/>        if result == &quot;Pass&quot;:<br/>            log.info(&quot;Logged in successfully&quot;)<br/>        else:<br/>            log.error(shopping.getErrorText())<br/>        log.info(&quot;Login Check performed successfully...&quot;)<br/>        try:<br/>            assert expected == result<br/>            if result == &quot;Pass&quot;:<br/>                log.info(&quot;Adding required items to cart..&quot;)<br/>                itemsToAdd = xstr(addItems).split(&quot;, &quot;)<br/>                itemsToRemove = xstr(removeItems).split(&quot;, &quot;)<br/>                totalItems = len(itemsToAdd) - len(itemsToRemove)<br/>                for item in itemsToAdd:<br/>                    sleep(sleepTime)<br/>                    log.info(&quot;Adding &quot;+ item +&quot; to cart..&quot;)<br/>                    shopping.addItem(item)<br/>                log.info(&quot;Proceeding to cart..&quot;)<br/>                shopping.proceedToCart()<br/>                for item in itemsToRemove:<br/>                    sleep(sleepTime)<br/>                    log.info(&quot;Removing &quot;+ item +&quot; from cart..&quot;)<br/>                    shopping.removeItem(item)<br/>                log.info(&quot;Checking if all the required items are added and removed as expected...&quot;)<br/>                if not shopping.validateCartItems(totalItems):<br/>                    log.error(&quot;Items in the cart doesn&#x27;t match the expected items&quot;)<br/>                    raise AssertionError(&quot;The shopping items do not match the expected list...&quot;)<br/>                shopping.proceedToCheckout()<br/>                log.info(&quot;Proceeding to checkout..&quot;)<br/>                log.info(&quot;Entering form details..&quot;)<br/>                sleep(sleepTime)<br/>                shopping.formSubmit(xstr(firstName), xstr(lastName), xstr(PostalCode))<br/>                formResult = shopping.validateForm()<br/>                if formResult == &quot;Pass&quot;:<br/>                    log.info(&quot;Completing the transaction...&quot;)<br/>                else:<br/>                    log.error(shopping.getErrorText())<br/>                try:<br/>                    assert ExpectedAction == formResult<br/>                    if formResult == &quot;Pass&quot;:<br/>                        sleep(sleepTime)<br/>                        shopping.finishShopping()<br/>                        sleep(sleepTime)<br/>                        shoppingResult = shopping.validateShopping()<br/>                        if shoppingResult == &quot;Pass&quot;:<br/>                            log.info(&quot;Shopping completed successfully...&quot;)<br/>                        else:<br/>                            log.error(&quot;Shopping is terminated...&quot;)<br/>                            raise AssertionError(&quot;The expected outcome was not achieved&quot;)<br/>                except Exception as e:<br/>                    log.error(&quot;The process did not complete as expected...&quot;+ str(e))<br/>                    pytest.fail(str(e))<br/>        except Exception as e:<br/>            log.error(&quot;An error was encountered during the process...&quot;+ str(e))<br/>&gt;           pytest.fail(str(e))<br/><span class="error">E           Failed: The shopping items do not match the expected list...</span><br/><br/>test_cases\test_shopping.py:81: Failed<br/> -------------------------------Captured log call-------------------------------- <br/>INFO     Login Test:test_shopping.py:19 Executing TC_3 with problem_user as username and secret_sauce as password...
INFO     Login Test:test_shopping.py:21 Starting browser session...
INFO     Login Test:test_shopping.py:23 Entering login credentials...
INFO     Login Test:test_shopping.py:26 Validating login...
INFO     Login Test:test_shopping.py:29 Logged in successfully
INFO     Login Test:test_shopping.py:32 Login Check performed successfully...
INFO     Login Test:test_shopping.py:36 Adding required items to cart..
INFO     Login Test:test_shopping.py:42 Adding Sauce Labs Fleece Jacket to cart..
INFO     Login Test:test_shopping.py:42 Adding Sauce Labs Bolt T-Shirt to cart..
INFO     Login Test:test_shopping.py:44 Proceeding to cart..
INFO     Login Test:test_shopping.py:48 Removing Sauce Labs Fleece Jacket from cart..
INFO     Login Test:test_shopping.py:50 Checking if all the required items are added and removed as expected...
ERROR    Login Test:test_shopping.py:52 Items in the cart doesn&#x27;t match the expected items
ERROR    Login Test:test_shopping.py:80 An error was encountered during the process...The shopping items do not match the expected list...
INFO     Login Test:test_shopping.py:83 Quitting the browser session...<br/></div></td></tr></tbody>
      <tbody class="failed results-table-row">
        <tr>
          <td class="col-result">Failed</td>
          <td class="col-name">test_cases/test_shopping.py::test_shopping[TC_5-error_user-secret_sauce-Pass-Test.allTheThings() T-Shirt (Red), Sauce Labs Onesie-None-Alex-Smith-24309-Pass]</td>
          <td class="col-duration">76.04</td>
          <td class="col-links"></td></tr>
        <tr>
          <td class="extra" colspan="4">
            <div class="log">setup_browser = &lt;selenium.webdriver.chrome.webdriver.WebDriver (session=&quot;4ec56d7f89bcb5bf8e7bd8dedec9b8b8&quot;)&gt;, log = &lt;Logger Login Test (DEBUG)&gt;, tc_id = &#x27;TC_5&#x27;<br/>name = &#x27;error_user&#x27;, password = &#x27;secret_sauce&#x27;, expected = &#x27;Pass&#x27;, addItems = &#x27;Test.allTheThings() T-Shirt (Red), Sauce Labs Onesie&#x27;, removeItems = None, firstName = &#x27;Alex&#x27;<br/>lastName = &#x27;Smith&#x27;, PostalCode = 24309, ExpectedAction = &#x27;Pass&#x27;<br/><br/>    @pytest.mark.parametrize(&quot;tc_id, name, password, expected, addItems, removeItems, firstName, lastName, PostalCode, ExpectedAction&quot;, getTestData())<br/>    def test_shopping(setup_browser, log, tc_id, name, password, expected, addItems, removeItems, firstName, lastName, PostalCode, ExpectedAction):<br/>        log.info(&quot;Executing &quot;+ tc_id + &quot; with &quot; + xstr(name) + &quot; as username and &quot; + xstr(password) + &quot; as password...&quot; )<br/>        driver = setup_browser<br/>        log.info(&quot;Starting browser session...&quot;)<br/>        shopping = CheckoutPage(driver)<br/>        log.info(&quot;Entering login credentials...&quot;)<br/>        shopping.login(xstr(name), xstr(password))<br/>        sleep(sleepTime)<br/>        log.info(&quot;Validating login...&quot;)<br/>        result = shopping.validatelogin()<br/>        if result == &quot;Pass&quot;:<br/>            log.info(&quot;Logged in successfully&quot;)<br/>        else:<br/>            log.error(shopping.getErrorText())<br/>        log.info(&quot;Login Check performed successfully...&quot;)<br/>        try:<br/>            assert expected == result<br/>            if result == &quot;Pass&quot;:<br/>                log.info(&quot;Adding required items to cart..&quot;)<br/>                itemsToAdd = xstr(addItems).split(&quot;, &quot;)<br/>                itemsToRemove = xstr(removeItems).split(&quot;, &quot;)<br/>                totalItems = len(itemsToAdd) - len(itemsToRemove)<br/>                for item in itemsToAdd:<br/>                    sleep(sleepTime)<br/>                    log.info(&quot;Adding &quot;+ item +&quot; to cart..&quot;)<br/>                    shopping.addItem(item)<br/>                log.info(&quot;Proceeding to cart..&quot;)<br/>                shopping.proceedToCart()<br/>                for item in itemsToRemove:<br/>                    sleep(sleepTime)<br/>                    log.info(&quot;Removing &quot;+ item +&quot; from cart..&quot;)<br/>                    shopping.removeItem(item)<br/>                log.info(&quot;Checking if all the required items are added and removed as expected...&quot;)<br/>                if not shopping.validateCartItems(totalItems):<br/>                    log.error(&quot;Items in the cart doesn&#x27;t match the expected items&quot;)<br/>                    raise AssertionError(&quot;The shopping items do not match the expected list...&quot;)<br/>                shopping.proceedToCheckout()<br/>                log.info(&quot;Proceeding to checkout..&quot;)<br/>                log.info(&quot;Entering form details..&quot;)<br/>                sleep(sleepTime)<br/>                shopping.formSubmit(xstr(firstName), xstr(lastName), xstr(PostalCode))<br/>                formResult = shopping.validateForm()<br/>                if formResult == &quot;Pass&quot;:<br/>                    log.info(&quot;Completing the transaction...&quot;)<br/>                else:<br/>                    log.error(shopping.getErrorText())<br/>                try:<br/>                    assert ExpectedAction == formResult<br/>                    if formResult == &quot;Pass&quot;:<br/>                        sleep(sleepTime)<br/>                        shopping.finishShopping()<br/>                        sleep(sleepTime)<br/>                        shoppingResult = shopping.validateShopping()<br/>                        if shoppingResult == &quot;Pass&quot;:<br/>                            log.info(&quot;Shopping completed successfully...&quot;)<br/>                        else:<br/>                            log.error(&quot;Shopping is terminated...&quot;)<br/>&gt;                           raise AssertionError(&quot;The expected outcome was not achieved&quot;)<br/><span class="error">E                           AssertionError: The expected outcome was not achieved</span><br/><br/>test_cases\test_shopping.py:75: AssertionError<br/><br/>During handling of the above exception, another exception occurred:<br/><br/>setup_browser = &lt;selenium.webdriver.chrome.webdriver.WebDriver (session=&quot;4ec56d7f89bcb5bf8e7bd8dedec9b8b8&quot;)&gt;, log = &lt;Logger Login Test (DEBUG)&gt;, tc_id = &#x27;TC_5&#x27;<br/>name = &#x27;error_user&#x27;, password = &#x27;secret_sauce&#x27;, expected = &#x27;Pass&#x27;, addItems = &#x27;Test.allTheThings() T-Shirt (Red), Sauce Labs Onesie&#x27;, removeItems = None, firstName = &#x27;Alex&#x27;<br/>lastName = &#x27;Smith&#x27;, PostalCode = 24309, ExpectedAction = &#x27;Pass&#x27;<br/><br/>    @pytest.mark.parametrize(&quot;tc_id, name, password, expected, addItems, removeItems, firstName, lastName, PostalCode, ExpectedAction&quot;, getTestData())<br/>    def test_shopping(setup_browser, log, tc_id, name, password, expected, addItems, removeItems, firstName, lastName, PostalCode, ExpectedAction):<br/>        log.info(&quot;Executing &quot;+ tc_id + &quot; with &quot; + xstr(name) + &quot; as username and &quot; + xstr(password) + &quot; as password...&quot; )<br/>        driver = setup_browser<br/>        log.info(&quot;Starting browser session...&quot;)<br/>        shopping = CheckoutPage(driver)<br/>        log.info(&quot;Entering login credentials...&quot;)<br/>        shopping.login(xstr(name), xstr(password))<br/>        sleep(sleepTime)<br/>        log.info(&quot;Validating login...&quot;)<br/>        result = shopping.validatelogin()<br/>        if result == &quot;Pass&quot;:<br/>            log.info(&quot;Logged in successfully&quot;)<br/>        else:<br/>            log.error(shopping.getErrorText())<br/>        log.info(&quot;Login Check performed successfully...&quot;)<br/>        try:<br/>            assert expected == result<br/>            if result == &quot;Pass&quot;:<br/>                log.info(&quot;Adding required items to cart..&quot;)<br/>                itemsToAdd = xstr(addItems).split(&quot;, &quot;)<br/>                itemsToRemove = xstr(removeItems).split(&quot;, &quot;)<br/>                totalItems = len(itemsToAdd) - len(itemsToRemove)<br/>                for item in itemsToAdd:<br/>                    sleep(sleepTime)<br/>                    log.info(&quot;Adding &quot;+ item +&quot; to cart..&quot;)<br/>                    shopping.addItem(item)<br/>                log.info(&quot;Proceeding to cart..&quot;)<br/>                shopping.proceedToCart()<br/>                for item in itemsToRemove:<br/>                    sleep(sleepTime)<br/>                    log.info(&quot;Removing &quot;+ item +&quot; from cart..&quot;)<br/>                    shopping.removeItem(item)<br/>                log.info(&quot;Checking if all the required items are added and removed as expected...&quot;)<br/>                if not shopping.validateCartItems(totalItems):<br/>                    log.error(&quot;Items in the cart doesn&#x27;t match the expected items&quot;)<br/>                    raise AssertionError(&quot;The shopping items do not match the expected list...&quot;)<br/>                shopping.proceedToCheckout()<br/>                log.info(&quot;Proceeding to checkout..&quot;)<br/>                log.info(&quot;Entering form details..&quot;)<br/>                sleep(sleepTime)<br/>                shopping.formSubmit(xstr(firstName), xstr(lastName), xstr(PostalCode))<br/>                formResult = shopping.validateForm()<br/>                if formResult == &quot;Pass&quot;:<br/>                    log.info(&quot;Completing the transaction...&quot;)<br/>                else:<br/>                    log.error(shopping.getErrorText())<br/>                try:<br/>                    assert ExpectedAction == formResult<br/>                    if formResult == &quot;Pass&quot;:<br/>                        sleep(sleepTime)<br/>                        shopping.finishShopping()<br/>                        sleep(sleepTime)<br/>                        shoppingResult = shopping.validateShopping()<br/>                        if shoppingResult == &quot;Pass&quot;:<br/>                            log.info(&quot;Shopping completed successfully...&quot;)<br/>                        else:<br/>                            log.error(&quot;Shopping is terminated...&quot;)<br/>                            raise AssertionError(&quot;The expected outcome was not achieved&quot;)<br/>                except Exception as e:<br/>                    log.error(&quot;The process did not complete as expected...&quot;+ str(e))<br/>&gt;                   pytest.fail(str(e))<br/><span class="error">E                   Failed: The expected outcome was not achieved</span><br/><br/>test_cases\test_shopping.py:78: Failed<br/> -------------------------------Captured log call-------------------------------- <br/>INFO     Login Test:test_shopping.py:19 Executing TC_5 with error_user as username and secret_sauce as password...
INFO     Login Test:test_shopping.py:21 Starting browser session...
INFO     Login Test:test_shopping.py:23 Entering login credentials...
INFO     Login Test:test_shopping.py:26 Validating login...
INFO     Login Test:test_shopping.py:29 Logged in successfully
INFO     Login Test:test_shopping.py:32 Login Check performed successfully...
INFO     Login Test:test_shopping.py:36 Adding required items to cart..
INFO     Login Test:test_shopping.py:42 Adding Test.allTheThings() T-Shirt (Red) to cart..
INFO     Login Test:test_shopping.py:42 Adding Sauce Labs Onesie to cart..
INFO     Login Test:test_shopping.py:44 Proceeding to cart..
INFO     Login Test:test_shopping.py:48 Removing  from cart..
INFO     Login Test:test_shopping.py:50 Checking if all the required items are added and removed as expected...
INFO     Login Test:test_shopping.py:55 Proceeding to checkout..
INFO     Login Test:test_shopping.py:56 Entering form details..
INFO     Login Test:test_shopping.py:61 Completing the transaction...
ERROR    Login Test:test_shopping.py:74 Shopping is terminated...
ERROR    Login Test:test_shopping.py:77 The process did not complete as expected...The expected outcome was not achieved
INFO     Login Test:test_shopping.py:83 Quitting the browser session...<br/></div></td></tr></tbody>
      <tbody class="passed results-table-row">
        <tr>
          <td class="col-result">Passed</td>
          <td class="col-name">test_cases/test_shopping.py::test_shopping[TC_1-standard_user-secret_sauce-Pass-Sauce Labs Onesie, Sauce Labs Backpack, Sauce Labs Bolt T-Shirt-Sauce Labs Backpack-Alex-Garcia-14182-Pass]</td>
          <td class="col-duration">58.38</td>
          <td class="col-links"></td></tr>
        <tr>
          <td class="extra" colspan="4">
            <div class="log"> -------------------------------Captured log call-------------------------------- <br/>INFO     Login Test:test_shopping.py:19 Executing TC_1 with standard_user as username and secret_sauce as password...
INFO     Login Test:test_shopping.py:21 Starting browser session...
INFO     Login Test:test_shopping.py:23 Entering login credentials...
INFO     Login Test:test_shopping.py:26 Validating login...
INFO     Login Test:test_shopping.py:29 Logged in successfully
INFO     Login Test:test_shopping.py:32 Login Check performed successfully...
INFO     Login Test:test_shopping.py:36 Adding required items to cart..
INFO     Login Test:test_shopping.py:42 Adding Sauce Labs Onesie to cart..
INFO     Login Test:test_shopping.py:42 Adding Sauce Labs Backpack to cart..
INFO     Login Test:test_shopping.py:42 Adding Sauce Labs Bolt T-Shirt to cart..
INFO     Login Test:test_shopping.py:44 Proceeding to cart..
INFO     Login Test:test_shopping.py:48 Removing Sauce Labs Backpack from cart..
INFO     Login Test:test_shopping.py:50 Checking if all the required items are added and removed as expected...
INFO     Login Test:test_shopping.py:55 Proceeding to checkout..
INFO     Login Test:test_shopping.py:56 Entering form details..
INFO     Login Test:test_shopping.py:61 Completing the transaction...
INFO     Login Test:test_shopping.py:72 Shopping completed successfully...
INFO     Login Test:test_shopping.py:83 Quitting the browser session...<br/></div></td></tr></tbody>
      <tbody class="passed results-table-row">
        <tr>
          <td class="col-result">Passed</td>
          <td class="col-name">test_cases/test_shopping.py::test_shopping[TC_2-locked_out_user-secret_sauce-Fail-Sauce Labs Bike Light, Sauce Labs Bolt T-Shirt-Sauce Labs Bike Light-Morgan-Lopez-17866-Pass]</td>
          <td class="col-duration">46.67</td>
          <td class="col-links"></td></tr>
        <tr>
          <td class="extra" colspan="4">
            <div class="log"> -------------------------------Captured log call-------------------------------- <br/>INFO     Login Test:test_shopping.py:19 Executing TC_2 with locked_out_user as username and secret_sauce as password...
INFO     Login Test:test_shopping.py:21 Starting browser session...
INFO     Login Test:test_shopping.py:23 Entering login credentials...
INFO     Login Test:test_shopping.py:26 Validating login...
ERROR    Login Test:test_shopping.py:31 Epic sadface: Sorry, this user has been locked out.
INFO     Login Test:test_shopping.py:32 Login Check performed successfully...
INFO     Login Test:test_shopping.py:83 Quitting the browser session...<br/></div></td></tr></tbody>
      <tbody class="passed results-table-row">
        <tr>
          <td class="col-result">Passed</td>
          <td class="col-name">test_cases/test_shopping.py::test_shopping[TC_4-performance_glitch_user-secret_sauce-Pass-Sauce Labs Backpack, Sauce Labs Onesie, Test.allTheThings() T-Shirt (Red)-Sauce Labs Backpack-Morgan-Martinez-30240-Pass]</td>
          <td class="col-duration">61.93</td>
          <td class="col-links"></td></tr>
        <tr>
          <td class="extra" colspan="4">
            <div class="log"> -------------------------------Captured log call-------------------------------- <br/>INFO     Login Test:test_shopping.py:19 Executing TC_4 with performance_glitch_user as username and secret_sauce as password...
INFO     Login Test:test_shopping.py:21 Starting browser session...
INFO     Login Test:test_shopping.py:23 Entering login credentials...
INFO     Login Test:test_shopping.py:26 Validating login...
INFO     Login Test:test_shopping.py:29 Logged in successfully
INFO     Login Test:test_shopping.py:32 Login Check performed successfully...
INFO     Login Test:test_shopping.py:36 Adding required items to cart..
INFO     Login Test:test_shopping.py:42 Adding Sauce Labs Backpack to cart..
INFO     Login Test:test_shopping.py:42 Adding Sauce Labs Onesie to cart..
INFO     Login Test:test_shopping.py:42 Adding Test.allTheThings() T-Shirt (Red) to cart..
INFO     Login Test:test_shopping.py:44 Proceeding to cart..
INFO     Login Test:test_shopping.py:48 Removing Sauce Labs Backpack from cart..
INFO     Login Test:test_shopping.py:50 Checking if all the required items are added and removed as expected...
INFO     Login Test:test_shopping.py:55 Proceeding to checkout..
INFO     Login Test:test_shopping.py:56 Entering form details..
INFO     Login Test:test_shopping.py:61 Completing the transaction...
INFO     Login Test:test_shopping.py:72 Shopping completed successfully...
INFO     Login Test:test_shopping.py:83 Quitting the browser session...<br/></div></td></tr></tbody>
      <tbody class="passed results-table-row">
        <tr>
          <td class="col-result">Passed</td>
          <td class="col-name">test_cases/test_shopping.py::test_shopping[TC_6-visual_user-None-Fail-Sauce Labs Onesie, Sauce Labs Bike Light, Test.allTheThings() T-Shirt (Red)-None-Jordan-Smith-87034-Pass]</td>
          <td class="col-duration">45.57</td>
          <td class="col-links"></td></tr>
        <tr>
          <td class="extra" colspan="4">
            <div class="log"> -------------------------------Captured log call-------------------------------- <br/>INFO     Login Test:test_shopping.py:19 Executing TC_6 with visual_user as username and  as password...
INFO     Login Test:test_shopping.py:21 Starting browser session...
INFO     Login Test:test_shopping.py:23 Entering login credentials...
INFO     Login Test:test_shopping.py:26 Validating login...
ERROR    Login Test:test_shopping.py:31 Epic sadface: Password is required
INFO     Login Test:test_shopping.py:32 Login Check performed successfully...
INFO     Login Test:test_shopping.py:83 Quitting the browser session...<br/></div></td></tr></tbody>
      <tbody class="passed results-table-row">
        <tr>
          <td class="col-result">Passed</td>
          <td class="col-name">test_cases/test_shopping.py::test_shopping[TC_7-visual_user-secret_sauce-Pass-Sauce Labs Bolt T-Shirt, Test.allTheThings() T-Shirt (Red), Sauce Labs Onesie-Test.allTheThings() T-Shirt (Red)-Morgan-Davis-85223-Pass]</td>
          <td class="col-duration">57.15</td>
          <td class="col-links"></td></tr>
        <tr>
          <td class="extra" colspan="4">
            <div class="log"> -------------------------------Captured log call-------------------------------- <br/>INFO     Login Test:test_shopping.py:19 Executing TC_7 with visual_user as username and secret_sauce as password...
INFO     Login Test:test_shopping.py:21 Starting browser session...
INFO     Login Test:test_shopping.py:23 Entering login credentials...
INFO     Login Test:test_shopping.py:26 Validating login...
INFO     Login Test:test_shopping.py:29 Logged in successfully
INFO     Login Test:test_shopping.py:32 Login Check performed successfully...
INFO     Login Test:test_shopping.py:36 Adding required items to cart..
INFO     Login Test:test_shopping.py:42 Adding Sauce Labs Bolt T-Shirt to cart..
INFO     Login Test:test_shopping.py:42 Adding Test.allTheThings() T-Shirt (Red) to cart..
INFO     Login Test:test_shopping.py:42 Adding Sauce Labs Onesie to cart..
INFO     Login Test:test_shopping.py:44 Proceeding to cart..
INFO     Login Test:test_shopping.py:48 Removing Test.allTheThings() T-Shirt (Red) from cart..
INFO     Login Test:test_shopping.py:50 Checking if all the required items are added and removed as expected...
INFO     Login Test:test_shopping.py:55 Proceeding to checkout..
INFO     Login Test:test_shopping.py:56 Entering form details..
INFO     Login Test:test_shopping.py:61 Completing the transaction...
INFO     Login Test:test_shopping.py:72 Shopping completed successfully...
INFO     Login Test:test_shopping.py:83 Quitting the browser session...<br/></div></td></tr></tbody>
      <tbody class="passed results-table-row">
        <tr>
          <td class="col-result">Passed</td>
          <td class="col-name">test_cases/test_shopping.py::test_shopping[TC_8-standard_user-secret_sauce-Pass-Sauce Labs Bolt T-Shirt, Test.allTheThings() T-Shirt (Red), Sauce Labs Backpack-Test.allTheThings() T-Shirt (Red)-John-None-31103-Fail]</td>
          <td class="col-duration">61.77</td>
          <td class="col-links"></td></tr>
        <tr>
          <td class="extra" colspan="4">
            <div class="log"> -------------------------------Captured log call-------------------------------- <br/>INFO     Login Test:test_shopping.py:19 Executing TC_8 with standard_user as username and secret_sauce as password...
INFO     Login Test:test_shopping.py:21 Starting browser session...
INFO     Login Test:test_shopping.py:23 Entering login credentials...
INFO     Login Test:test_shopping.py:26 Validating login...
INFO     Login Test:test_shopping.py:29 Logged in successfully
INFO     Login Test:test_shopping.py:32 Login Check performed successfully...
INFO     Login Test:test_shopping.py:36 Adding required items to cart..
INFO     Login Test:test_shopping.py:42 Adding Sauce Labs Bolt T-Shirt to cart..
INFO     Login Test:test_shopping.py:42 Adding Test.allTheThings() T-Shirt (Red) to cart..
INFO     Login Test:test_shopping.py:42 Adding Sauce Labs Backpack to cart..
INFO     Login Test:test_shopping.py:44 Proceeding to cart..
INFO     Login Test:test_shopping.py:48 Removing Test.allTheThings() T-Shirt (Red) from cart..
INFO     Login Test:test_shopping.py:50 Checking if all the required items are added and removed as expected...
INFO     Login Test:test_shopping.py:55 Proceeding to checkout..
INFO     Login Test:test_shopping.py:56 Entering form details..
ERROR    Login Test:test_shopping.py:63 Error: Last Name is required
INFO     Login Test:test_shopping.py:83 Quitting the browser session...<br/></div></td></tr></tbody>
      <tbody class="passed results-table-row">
        <tr>
          <td class="col-result">Passed</td>
          <td class="col-name">test_cases/test_shopping.py::test_shopping[TC_9-None-secret_sauce-Fail-Sauce Labs Fleece Jacket, Sauce Labs Bike Light, Sauce Labs Bolt T-Shirt-Sauce Labs Bike Light, Sauce Labs Bolt T-Shirt-None-Williams-73038-Fail]</td>
          <td class="col-duration">46.40</td>
          <td class="col-links"></td></tr>
        <tr>
          <td class="extra" colspan="4">
            <div class="log"> -------------------------------Captured log call-------------------------------- <br/>INFO     Login Test:test_shopping.py:19 Executing TC_9 with  as username and secret_sauce as password...
INFO     Login Test:test_shopping.py:21 Starting browser session...
INFO     Login Test:test_shopping.py:23 Entering login credentials...
INFO     Login Test:test_shopping.py:26 Validating login...
ERROR    Login Test:test_shopping.py:31 Epic sadface: Username is required
INFO     Login Test:test_shopping.py:32 Login Check performed successfully...
INFO     Login Test:test_shopping.py:83 Quitting the browser session...<br/></div></td></tr></tbody></table></body></html>